c:\users\linzi\downloads\src\common\x64_v141\debug\common_vc14.pdb
c:\users\linzi\downloads\src\common\x64_v141\debug\common_vc14.idb
c:\users\linzi\downloads\src\common\x64_v141\debug\itypes.obj
c:\users\linzi\downloads\src\common\x64_v141\debug\itimer.obj
c:\users\linzi\downloads\src\common\x64_v141\debug\isingleton.obj
c:\users\linzi\downloads\src\common\x64_v141\debug\isegmentstream.obj
c:\users\linzi\downloads\src\common\x64_v141\debug\iprefix.obj
c:\users\linzi\downloads\src\common\x64_v141\debug\imutex.obj
c:\users\linzi\downloads\src\common\x64_v141\debug\iinterlockedlong.obj
c:\users\linzi\downloads\src\common\x64_v141\debug\ifilestream.obj
c:\users\linzi\downloads\src\common\x64_v141\debug\ievent.obj
c:\users\linzi\downloads\src\common\x64_v141\debug\ierrors.obj
c:\users\linzi\downloads\src\common\x64_v141\debug\idirectoryiterator.obj
c:\users\linzi\downloads\src\common\x64_v141\debug\idebuglog.obj
c:\users\linzi\downloads\src\common\x64_v141\debug\idatastream.obj
c:\users\linzi\downloads\src\common\x64_v141\debug\ibufferstream.obj
c:\users\linzi\downloads\src\skse64\x64_v141\debug\common_vc14.lib
c:\users\linzi\downloads\src\skse64\x64_v141\debug\common_vc14.pdb
c:\users\linzi\downloads\src\common\x64_v141\debug\common_vc14.tlog\cl.command.1.tlog
c:\users\linzi\downloads\src\common\x64_v141\debug\common_vc14.tlog\cl.read.1.tlog
c:\users\linzi\downloads\src\common\x64_v141\debug\common_vc14.tlog\cl.write.1.tlog
c:\users\linzi\downloads\src\common\x64_v141\debug\common_vc14.tlog\lib-link.read.1.tlog
c:\users\linzi\downloads\src\common\x64_v141\debug\common_vc14.tlog\lib-link.write.1.tlog
c:\users\linzi\downloads\src\common\x64_v141\debug\common_vc14.tlog\lib.command.1.tlog
